<?xml version="1.0" encoding="UTF-8"?>
<testsuite name="com.sparta.blog.BlogApplicationTests" tests="1" skipped="0" failures="0" errors="0" timestamp="2021-09-29T17:40:57" hostname="DESKTOP-54J7UJF" time="0.174">
  <properties/>
  <testcase name="contextLoads()" classname="com.sparta.blog.BlogApplicationTests" time="0.174"/>
  <system-out><![CDATA[02:40:46.882 [Test worker] DEBUG org.springframework.test.context.BootstrapUtils - Instantiating CacheAwareContextLoaderDelegate from class [org.springframework.test.context.cache.DefaultCacheAwareContextLoaderDelegate]
02:40:46.905 [Test worker] DEBUG org.springframework.test.context.BootstrapUtils - Instantiating BootstrapContext using constructor [public org.springframework.test.context.support.DefaultBootstrapContext(java.lang.Class,org.springframework.test.context.CacheAwareContextLoaderDelegate)]
02:40:46.963 [Test worker] DEBUG org.springframework.test.context.BootstrapUtils - Instantiating TestContextBootstrapper for test class [com.sparta.blog.BlogApplicationTests] from class [org.springframework.boot.test.context.SpringBootTestContextBootstrapper]
02:40:46.986 [Test worker] INFO org.springframework.boot.test.context.SpringBootTestContextBootstrapper - Neither @ContextConfiguration nor @ContextHierarchy found for test class [com.sparta.blog.BlogApplicationTests], using SpringBootContextLoader
02:40:46.992 [Test worker] DEBUG org.springframework.test.context.support.AbstractContextLoader - Did not detect default resource location for test class [com.sparta.blog.BlogApplicationTests]: class path resource [com/sparta/blog/BlogApplicationTests-context.xml] does not exist
02:40:46.993 [Test worker] DEBUG org.springframework.test.context.support.AbstractContextLoader - Did not detect default resource location for test class [com.sparta.blog.BlogApplicationTests]: class path resource [com/sparta/blog/BlogApplicationTestsContext.groovy] does not exist
02:40:46.993 [Test worker] INFO org.springframework.test.context.support.AbstractContextLoader - Could not detect default resource locations for test class [com.sparta.blog.BlogApplicationTests]: no resource found for suffixes {-context.xml, Context.groovy}.
02:40:46.994 [Test worker] INFO org.springframework.test.context.support.AnnotationConfigContextLoaderUtils - Could not detect default configuration classes for test class [com.sparta.blog.BlogApplicationTests]: BlogApplicationTests does not declare any static, non-private, non-final, nested classes annotated with @Configuration.
02:40:47.080 [Test worker] DEBUG org.springframework.test.context.support.ActiveProfilesUtils - Could not find an 'annotation declaring class' for annotation type [org.springframework.test.context.ActiveProfiles] and class [com.sparta.blog.BlogApplicationTests]
02:40:47.205 [Test worker] DEBUG org.springframework.context.annotation.ClassPathScanningCandidateComponentProvider - Identified candidate component class: file [E:\workspaces\hanghae99\second_project_blog\blog\build\classes\java\main\com\sparta\blog\BlogApplication.class]
02:40:47.207 [Test worker] INFO org.springframework.boot.test.context.SpringBootTestContextBootstrapper - Found @SpringBootConfiguration com.sparta.blog.BlogApplication for test class com.sparta.blog.BlogApplicationTests
02:40:47.394 [Test worker] DEBUG org.springframework.boot.test.context.SpringBootTestContextBootstrapper - @TestExecutionListeners is not present for class [com.sparta.blog.BlogApplicationTests]: using defaults.
02:40:47.396 [Test worker] INFO org.springframework.boot.test.context.SpringBootTestContextBootstrapper - Loaded default TestExecutionListener class names from location [META-INF/spring.factories]: [org.springframework.boot.test.autoconfigure.restdocs.RestDocsTestExecutionListener, org.springframework.boot.test.autoconfigure.web.client.MockRestServiceServerResetTestExecutionListener, org.springframework.boot.test.autoconfigure.web.servlet.MockMvcPrintOnlyOnFailureTestExecutionListener, org.springframework.boot.test.autoconfigure.web.servlet.WebDriverTestExecutionListener, org.springframework.boot.test.autoconfigure.webservices.client.MockWebServiceServerTestExecutionListener, org.springframework.boot.test.mock.mockito.MockitoTestExecutionListener, org.springframework.boot.test.mock.mockito.ResetMocksTestExecutionListener, org.springframework.test.context.web.ServletTestExecutionListener, org.springframework.test.context.support.DirtiesContextBeforeModesTestExecutionListener, org.springframework.test.context.event.ApplicationEventsTestExecutionListener, org.springframework.test.context.support.DependencyInjectionTestExecutionListener, org.springframework.test.context.support.DirtiesContextTestExecutionListener, org.springframework.test.context.transaction.TransactionalTestExecutionListener, org.springframework.test.context.jdbc.SqlScriptsTestExecutionListener, org.springframework.test.context.event.EventPublishingTestExecutionListener]
02:40:47.438 [Test worker] INFO org.springframework.boot.test.context.SpringBootTestContextBootstrapper - Using TestExecutionListeners: [org.springframework.test.context.web.ServletTestExecutionListener@78641d23, org.springframework.test.context.support.DirtiesContextBeforeModesTestExecutionListener@74589991, org.springframework.test.context.event.ApplicationEventsTestExecutionListener@146dfe6, org.springframework.boot.test.mock.mockito.MockitoTestExecutionListener@4716be8b, org.springframework.boot.test.autoconfigure.SpringBootDependencyInjectionTestExecutionListener@1fc32e4f, org.springframework.test.context.support.DirtiesContextTestExecutionListener@2f67b837, org.springframework.test.context.transaction.TransactionalTestExecutionListener@1869fbd2, org.springframework.test.context.jdbc.SqlScriptsTestExecutionListener@6af9fcb2, org.springframework.test.context.event.EventPublishingTestExecutionListener@6cce16f4, org.springframework.boot.test.autoconfigure.restdocs.RestDocsTestExecutionListener@7efaad5a, org.springframework.boot.test.autoconfigure.web.client.MockRestServiceServerResetTestExecutionListener@291a7e3c, org.springframework.boot.test.autoconfigure.web.servlet.MockMvcPrintOnlyOnFailureTestExecutionListener@ca30bc1, org.springframework.boot.test.autoconfigure.web.servlet.WebDriverTestExecutionListener@1046d517, org.springframework.boot.test.autoconfigure.webservices.client.MockWebServiceServerTestExecutionListener@3b7d3a38, org.springframework.boot.test.mock.mockito.ResetMocksTestExecutionListener@416c58f5]
02:40:47.448 [Test worker] DEBUG org.springframework.test.context.support.AbstractDirtiesContextTestExecutionListener - Before test class: context [DefaultTestContext@363a52f testClass = BlogApplicationTests, testInstance = [null], testMethod = [null], testException = [null], mergedContextConfiguration = [WebMergedContextConfiguration@60856961 testClass = BlogApplicationTests, locations = '{}', classes = '{class com.sparta.blog.BlogApplication}', contextInitializerClasses = '[]', activeProfiles = '{}', propertySourceLocations = '{}', propertySourceProperties = '{org.springframework.boot.test.context.SpringBootTestContextBootstrapper=true}', contextCustomizers = set[org.springframework.boot.test.autoconfigure.actuate.metrics.MetricsExportContextCustomizerFactory$DisableMetricExportContextCustomizer@2a265ea9, org.springframework.boot.test.autoconfigure.properties.PropertyMappingContextCustomizer@0, org.springframework.boot.test.autoconfigure.web.servlet.WebDriverContextCustomizerFactory$Customizer@3e8c3cb, org.springframework.boot.test.context.filter.ExcludeFilterContextCustomizer@3e27ba32, org.springframework.boot.test.json.DuplicateJsonObjectContextCustomizerFactory$DuplicateJsonObjectContextCustomizer@202b0582, org.springframework.boot.test.mock.mockito.MockitoContextCustomizer@0, org.springframework.boot.test.web.client.TestRestTemplateContextCustomizer@4c60d6e9, org.springframework.boot.test.context.SpringBootTestArgs@1, org.springframework.boot.test.context.SpringBootTestWebEnvironment@d706f19], resourceBasePath = 'src/main/webapp', contextLoader = 'org.springframework.boot.test.context.SpringBootContextLoader', parent = [null]], attributes = map['org.springframework.test.context.web.ServletTestExecutionListener.activateListener' -> true]], class annotated with @DirtiesContext [false] with mode [null].
02:40:47.506 [Test worker] DEBUG org.springframework.test.context.support.TestPropertySourceUtils - Adding inlined properties to environment: {spring.jmx.enabled=false, org.springframework.boot.test.context.SpringBootTestContextBootstrapper=true}

  .   ____          _            __ _ _
 /\\ / ___'_ __ _ _(_)_ __  __ _ \ \ \ \
( ( )\___ | '_ | '_| | '_ \/ _` | \ \ \ \
 \\/  ___)| |_)| | | | | || (_| |  ) ) ) )
  '  |____| .__|_| |_|_| |_\__, | / / / /
 =========|_|==============|___/=/_/_/_/
 :: Spring Boot ::                (v2.5.5)

2021-09-30 02:40:48.012  WARN 13788 --- [    Test worker] ory$DuplicateJsonObjectContextCustomizer : 

Found multiple occurrences of org.json.JSONObject on the class path:

	jar:file:/C:/Users/nybae/.gradle/caches/modules-2/files-2.1/org.json/json/20160810/aca5eb39e2a12fddd6c472b240afe9ebea3a6733/json-20160810.jar!/org/json/JSONObject.class
	jar:file:/C:/Users/nybae/.gradle/caches/modules-2/files-2.1/com.vaadin.external.google/android-json/0.0.20131108.vaadin1/fa26d351fe62a6a17f5cda1287c1c6110dec413f/android-json-0.0.20131108.vaadin1.jar!/org/json/JSONObject.class

You may wish to exclude one of them to ensure predictable runtime behavior

2021-09-30 02:40:48.041  INFO 13788 --- [    Test worker] com.sparta.blog.BlogApplicationTests     : Starting BlogApplicationTests using Java 1.8.0_202 on DESKTOP-54J7UJF with PID 13788 (started by nybae in E:\workspaces\hanghae99\second_project_blog\blog)
2021-09-30 02:40:48.044  INFO 13788 --- [    Test worker] com.sparta.blog.BlogApplicationTests     : No active profile set, falling back to default profiles: default
2021-09-30 02:40:49.407  INFO 13788 --- [    Test worker] .s.d.r.c.RepositoryConfigurationDelegate : Bootstrapping Spring Data JPA repositories in DEFAULT mode.
2021-09-30 02:40:49.524  INFO 13788 --- [    Test worker] .s.d.r.c.RepositoryConfigurationDelegate : Finished Spring Data repository scanning in 100 ms. Found 1 JPA repository interfaces.
2021-09-30 02:40:50.824  INFO 13788 --- [    Test worker] o.hibernate.jpa.internal.util.LogHelper  : HHH000204: Processing PersistenceUnitInfo [name: default]
2021-09-30 02:40:51.069  INFO 13788 --- [    Test worker] org.hibernate.Version                    : HHH000412: Hibernate ORM core version 5.4.32.Final
2021-09-30 02:40:51.408  INFO 13788 --- [    Test worker] o.hibernate.annotations.common.Version   : HCANN000001: Hibernate Commons Annotations {5.1.2.Final}
2021-09-30 02:40:51.761  INFO 13788 --- [    Test worker] com.zaxxer.hikari.HikariDataSource       : HikariPool-1 - Starting...
2021-09-30 02:40:52.961  INFO 13788 --- [    Test worker] com.zaxxer.hikari.HikariDataSource       : HikariPool-1 - Start completed.
2021-09-30 02:40:53.042  INFO 13788 --- [    Test worker] org.hibernate.dialect.Dialect            : HHH000400: Using dialect: org.hibernate.dialect.MySQL8Dialect
2021-09-30 02:40:54.572  INFO 13788 --- [    Test worker] o.h.e.t.j.p.i.JtaPlatformInitiator       : HHH000490: Using JtaPlatform implementation: [org.hibernate.engine.transaction.jta.platform.internal.NoJtaPlatform]
2021-09-30 02:40:54.589  INFO 13788 --- [    Test worker] j.LocalContainerEntityManagerFactoryBean : Initialized JPA EntityManagerFactory for persistence unit 'default'
현재시각: Thu Sep 30 02:40:54 KST 2021
2021-09-30 02:40:55.946  WARN 13788 --- [    Test worker] JpaBaseConfiguration$JpaWebConfiguration : spring.jpa.open-in-view is enabled by default. Therefore, database queries may be performed during view rendering. Explicitly configure spring.jpa.open-in-view to disable this warning
2021-09-30 02:40:57.020  INFO 13788 --- [    Test worker] o.s.b.a.w.s.WelcomePageHandlerMapping    : Adding welcome page: class path resource [static/index.html]
2021-09-30 02:40:57.593  INFO 13788 --- [    Test worker] com.sparta.blog.BlogApplicationTests     : Started BlogApplicationTests in 10.066 seconds (JVM running for 12.277)
]]></system-out>
  <system-err><![CDATA[]]></system-err>
</testsuite>
